0 info it worked if it ends with ok
1 verbose cli [ '/home/igorsantana/.nvm/versions/node/v5.0.0/bin/node',
1 verbose cli   '/home/igorsantana/.nvm/versions/node/v5.0.0/bin/npm',
1 verbose cli   'view' ]
2 info using npm@3.3.6
3 info using node@v5.0.0
4 silly mapToRegistry name GumgaComponents
5 silly mapToRegistry using default registry
6 silly mapToRegistry registry https://registry.npmjs.org/
7 silly mapToRegistry uri https://registry.npmjs.org/GumgaComponents
8 verbose request uri https://registry.npmjs.org/GumgaComponents
9 verbose request no auth needed
10 info attempt registry request try #1 at 13:33:44
11 verbose request id d14e81f91be6a78d
12 http request GET https://registry.npmjs.org/GumgaComponents
13 http 404 https://registry.npmjs.org/GumgaComponents
14 verbose headers { 'content-type': 'application/json',
14 verbose headers   'cache-control': 'max-age=0',
14 verbose headers   'content-length': '2',
14 verbose headers   'accept-ranges': 'bytes',
14 verbose headers   date: 'Wed, 20 Jan 2016 15:33:44 GMT',
14 verbose headers   via: '1.1 varnish',
14 verbose headers   age: '0',
14 verbose headers   connection: 'keep-alive',
14 verbose headers   'x-served-by': 'cache-atl6223-ATL',
14 verbose headers   'x-cache': 'MISS',
14 verbose headers   'x-cache-hits': '0',
14 verbose headers   'x-timer': 'S1453304024.538356,VS0,VE94' }
15 silly get cb [ 404,
15 silly get   { 'content-type': 'application/json',
15 silly get     'cache-control': 'max-age=0',
15 silly get     'content-length': '2',
15 silly get     'accept-ranges': 'bytes',
15 silly get     date: 'Wed, 20 Jan 2016 15:33:44 GMT',
15 silly get     via: '1.1 varnish',
15 silly get     age: '0',
15 silly get     connection: 'keep-alive',
15 silly get     'x-served-by': 'cache-atl6223-ATL',
15 silly get     'x-cache': 'MISS',
15 silly get     'x-cache-hits': '0',
15 silly get     'x-timer': 'S1453304024.538356,VS0,VE94' } ]
16 verbose stack Error: Registry returned 404 for GET on https://registry.npmjs.org/GumgaComponents
16 verbose stack     at makeError (/home/igorsantana/.nvm/versions/node/v5.0.0/lib/node_modules/npm/node_modules/npm-registry-client/lib/request.js:264:12)
16 verbose stack     at CachingRegistryClient.<anonymous> (/home/igorsantana/.nvm/versions/node/v5.0.0/lib/node_modules/npm/node_modules/npm-registry-client/lib/request.js:242:14)
16 verbose stack     at Request._callback (/home/igorsantana/.nvm/versions/node/v5.0.0/lib/node_modules/npm/node_modules/npm-registry-client/lib/request.js:172:14)
16 verbose stack     at Request.self.callback (/home/igorsantana/.nvm/versions/node/v5.0.0/lib/node_modules/npm/node_modules/request/request.js:198:22)
16 verbose stack     at emitTwo (events.js:87:13)
16 verbose stack     at Request.emit (events.js:172:7)
16 verbose stack     at Request.<anonymous> (/home/igorsantana/.nvm/versions/node/v5.0.0/lib/node_modules/npm/node_modules/request/request.js:1063:14)
16 verbose stack     at emitOne (events.js:82:20)
16 verbose stack     at Request.emit (events.js:169:7)
16 verbose stack     at IncomingMessage.<anonymous> (/home/igorsantana/.nvm/versions/node/v5.0.0/lib/node_modules/npm/node_modules/request/request.js:1009:12)
17 verbose statusCode 404
18 verbose pkgid GumgaComponents
19 verbose cwd /home/igorsantana/Gumga/components
20 error Linux 3.13.0-74-generic
21 error argv "/home/igorsantana/.nvm/versions/node/v5.0.0/bin/node" "/home/igorsantana/.nvm/versions/node/v5.0.0/bin/npm" "view"
22 error node v5.0.0
23 error npm  v3.3.6
24 error code E404
25 error 404 Registry returned 404 for GET on https://registry.npmjs.org/GumgaComponents
25 error 404
25 error 404 'GumgaComponents' is not in the npm registry.
25 error 404 Your package name is not valid, because
25 error 404
25 error 404  1. name can no longer contain capital letters
25 error 404
25 error 404 Note that you can also install from a
25 error 404 tarball, folder, http url, or git url.
26 verbose exit [ 1, true ]
